[12-09-2023 21:08:42.812 INFO com.nopcommerce.account.Level_17_ReportNG] - Starting delete all file in ReportNG screenshot
[12-09-2023 21:08:42.821 INFO com.nopcommerce.account.Level_17_ReportNG] - Deleted success
[12-09-2023 21:08:53.397 INFO com.nopcommerce.account.Level_17_ReportNG] - User 01  - Step 01: Verify Register Link is Displayed
[12-09-2023 21:08:53.557 INFO com.nopcommerce.account.Level_17_ReportNG] - ----------FALSE----------
[12-09-2023 21:08:53.558 INFO com.nopcommerce.account.Level_17_ReportNG] - User 01  - Step 02: Click to register link
[12-09-2023 21:08:55.429 INFO com.nopcommerce.account.Level_17_ReportNG] - User 01  - Step 03: lick to register button
[12-09-2023 21:08:56.086 INFO com.nopcommerce.account.Level_17_ReportNG] - User 01  - Step 04: Verify error message at firstname textbox
[12-09-2023 21:08:56.168 INFO com.nopcommerce.account.Level_17_ReportNG] - ----------PASS----------
[12-09-2023 21:08:56.169 INFO com.nopcommerce.account.Level_17_ReportNG] - User 01  - Step 05: Verify error message at LastName textbox
[12-09-2023 21:08:56.223 INFO com.nopcommerce.account.Level_17_ReportNG] - ----------PASS----------
[12-09-2023 21:08:56.574 INFO com.nopcommerce.account.Level_17_ReportNG] - User 01  - Step 06: Enter to FirstName textboxAnh
[12-09-2023 21:08:58.620 INFO com.nopcommerce.account.Level_17_ReportNG] - User 01  - Step 07: Enter to LastName textboxTuan
[12-09-2023 21:08:58.725 INFO com.nopcommerce.account.Level_17_ReportNG] - User 01  - Step 08: Enter to Email textboxjoin38869@gmail.com
[12-09-2023 21:08:58.810 INFO com.nopcommerce.account.Level_17_ReportNG] - User 01  - Step 09: Enter to Password textbox123456
[12-09-2023 21:08:58.895 INFO com.nopcommerce.account.Level_17_ReportNG] - User 01  - Step 10: Enter to Confirm Password textbox123456
[12-09-2023 21:08:58.980 INFO com.nopcommerce.account.Level_17_ReportNG] - User 01  - Step 11:Click to register button
[12-09-2023 21:09:04.384 INFO com.nopcommerce.account.Level_17_ReportNG] - User 01  - Step 12: Verify messsage registration completed
[12-09-2023 21:09:06.941 INFO com.nopcommerce.account.Level_17_ReportNG] - ----------FALSE----------
[12-09-2023 21:09:13.625 INFO com.nopcommerce.account.Level_17_ReportNG] - User 01  - Step 01: Verify Register Link is Displayed
[12-09-2023 21:09:13.768 INFO com.nopcommerce.account.Level_17_ReportNG] - ----------FALSE----------
[12-09-2023 21:09:13.768 INFO com.nopcommerce.account.Level_17_ReportNG] - User 01  - Step 02: Click to register link
[12-09-2023 21:09:16.480 INFO com.nopcommerce.account.Level_17_ReportNG] - User 01  - Step 03: lick to register button
[12-09-2023 21:09:16.679 INFO com.nopcommerce.account.Level_17_ReportNG] - User 01  - Step 04: Verify error message at firstname textbox
[12-09-2023 21:09:16.776 INFO com.nopcommerce.account.Level_17_ReportNG] - ----------PASS----------
[12-09-2023 21:09:16.777 INFO com.nopcommerce.account.Level_17_ReportNG] - User 01  - Step 05: Verify error message at LastName textbox
[12-09-2023 21:09:16.841 INFO com.nopcommerce.account.Level_17_ReportNG] - ----------PASS----------
[12-09-2023 21:09:17.422 INFO com.nopcommerce.account.Level_17_ReportNG] - User 01  - Step 06: Enter to FirstName textboxAnh
[12-09-2023 21:09:19.025 INFO com.nopcommerce.account.Level_17_ReportNG] - User 01  - Step 07: Enter to LastName textboxTuan
[12-09-2023 21:09:19.191 INFO com.nopcommerce.account.Level_17_ReportNG] - User 01  - Step 08: Enter to Email textboxjoin98048@gmail.com
[12-09-2023 21:09:19.380 INFO com.nopcommerce.account.Level_17_ReportNG] - User 01  - Step 09: Enter to Password textbox123456
[12-09-2023 21:09:19.556 INFO com.nopcommerce.account.Level_17_ReportNG] - User 01  - Step 10: Enter to Confirm Password textbox123456
[12-09-2023 21:09:19.733 INFO com.nopcommerce.account.Level_17_ReportNG] - User 01  - Step 11:Click to register button
[12-09-2023 21:09:27.169 INFO com.nopcommerce.account.Level_17_ReportNG] - User 01  - Step 12: Verify messsage registration completed
[12-09-2023 21:09:27.242 INFO com.nopcommerce.account.Level_17_ReportNG] - ----------FALSE----------
