[14-09-2023 21:04:58.721 INFO com.nopcommerce.account.Level_18_Extent_Report] - Starting delete all file in ReportNG screenshot
[14-09-2023 21:04:58.726 INFO com.nopcommerce.account.Level_18_Extent_Report] - Deleted success
[14-09-2023 21:05:08.094 INFO com.nopcommerce.account.Level_18_Extent_Report] - User 01  - Step 01: Verify Register Link is Displayed
[14-09-2023 21:05:08.340 INFO com.nopcommerce.account.Level_18_Extent_Report] - ----------FALSE----------
[14-09-2023 21:05:08.340 INFO com.nopcommerce.account.Level_18_Extent_Report] - User 01  - Step 02: Click to register link
[14-09-2023 21:05:09.548 INFO com.nopcommerce.account.Level_18_Extent_Report] - User 01  - Step 03: lick to register button
[14-09-2023 21:05:09.902 INFO com.nopcommerce.account.Level_18_Extent_Report] - User 01  - Step 04: Verify error message at firstname textbox
[14-09-2023 21:05:09.951 INFO com.nopcommerce.account.Level_18_Extent_Report] - ----------PASS----------
[14-09-2023 21:05:09.951 INFO com.nopcommerce.account.Level_18_Extent_Report] - User 01  - Step 05: Verify error message at LastName textbox
[14-09-2023 21:05:09.991 INFO com.nopcommerce.account.Level_18_Extent_Report] - ----------PASS----------
[14-09-2023 21:05:10.000 INFO com.nopcommerce.account.Level_18_Extent_Report] - User 01  - Step 06: Enter to FirstName textboxAnh
[14-09-2023 21:05:11.274 INFO com.nopcommerce.account.Level_18_Extent_Report] - User 01  - Step 07: Enter to LastName textboxTuan
[14-09-2023 21:05:11.380 INFO com.nopcommerce.account.Level_18_Extent_Report] - User 01  - Step 08: Enter to Email textboxjoin4374@gmail.com
[14-09-2023 21:05:11.503 INFO com.nopcommerce.account.Level_18_Extent_Report] - User 01  - Step 09: Enter to Password textbox123456
[14-09-2023 21:05:11.637 INFO com.nopcommerce.account.Level_18_Extent_Report] - User 01  - Step 10: Enter to Confirm Password textbox123456
[14-09-2023 21:05:11.745 INFO com.nopcommerce.account.Level_18_Extent_Report] - User 01  - Step 11:Click to register button
[14-09-2023 21:05:13.624 INFO com.nopcommerce.account.Level_18_Extent_Report] - User 01  - Step 12: Verify messsage registration completed
[14-09-2023 21:05:13.768 INFO com.nopcommerce.account.Level_18_Extent_Report] - ----------FALSE----------
[14-09-2023 21:05:21.193 INFO com.nopcommerce.account.Level_18_Extent_Report] - User 01  - Step 01: Verify Register Link is Displayed
[14-09-2023 21:05:21.319 INFO com.nopcommerce.account.Level_18_Extent_Report] - ----------FALSE----------
[14-09-2023 21:05:21.320 INFO com.nopcommerce.account.Level_18_Extent_Report] - User 01  - Step 02: Click to register link
[14-09-2023 21:05:22.469 INFO com.nopcommerce.account.Level_18_Extent_Report] - User 01  - Step 03: lick to register button
[14-09-2023 21:05:22.680 INFO com.nopcommerce.account.Level_18_Extent_Report] - User 01  - Step 04: Verify error message at firstname textbox
[14-09-2023 21:05:22.769 INFO com.nopcommerce.account.Level_18_Extent_Report] - ----------PASS----------
[14-09-2023 21:05:22.770 INFO com.nopcommerce.account.Level_18_Extent_Report] - User 01  - Step 05: Verify error message at LastName textbox
[14-09-2023 21:05:22.828 INFO com.nopcommerce.account.Level_18_Extent_Report] - ----------PASS----------
[14-09-2023 21:05:22.833 INFO com.nopcommerce.account.Level_18_Extent_Report] - User 01  - Step 06: Enter to FirstName textboxAnh
[14-09-2023 21:05:23.995 INFO com.nopcommerce.account.Level_18_Extent_Report] - User 01  - Step 07: Enter to LastName textboxTuan
[14-09-2023 21:05:24.156 INFO com.nopcommerce.account.Level_18_Extent_Report] - User 01  - Step 08: Enter to Email textboxjoin67327@gmail.com
[14-09-2023 21:05:24.341 INFO com.nopcommerce.account.Level_18_Extent_Report] - User 01  - Step 09: Enter to Password textbox123456
[14-09-2023 21:05:24.501 INFO com.nopcommerce.account.Level_18_Extent_Report] - User 01  - Step 10: Enter to Confirm Password textbox123456
[14-09-2023 21:05:24.684 INFO com.nopcommerce.account.Level_18_Extent_Report] - User 01  - Step 11:Click to register button
[14-09-2023 21:05:26.076 INFO com.nopcommerce.account.Level_18_Extent_Report] - User 01  - Step 12: Verify messsage registration completed
[14-09-2023 21:05:26.153 INFO com.nopcommerce.account.Level_18_Extent_Report] - ----------FALSE----------
