[12-09-2023 20:54:16.200 INFO com.nopcommerce.account.Level_17_ReportNG] - User 01  - Step 01: Verify Register Link is Displayed
[12-09-2023 20:54:16.490 INFO com.nopcommerce.account.Level_17_ReportNG] - ----------FALSE----------
[12-09-2023 20:54:16.491 INFO com.nopcommerce.account.Level_17_ReportNG] - User 01  - Step 02: Click to register link
[12-09-2023 20:54:17.571 INFO com.nopcommerce.account.Level_17_ReportNG] - User 01  - Step 03: lick to register button
[12-09-2023 20:54:17.926 INFO com.nopcommerce.account.Level_17_ReportNG] - User 01  - Step 04: Verify error message at firstname textbox
[12-09-2023 20:54:17.971 INFO com.nopcommerce.account.Level_17_ReportNG] - ----------PASS----------
[12-09-2023 20:54:17.972 INFO com.nopcommerce.account.Level_17_ReportNG] - User 01  - Step 05: Verify error message at LastName textbox
[12-09-2023 20:54:18.007 INFO com.nopcommerce.account.Level_17_ReportNG] - ----------PASS----------
[12-09-2023 20:54:18.189 INFO com.nopcommerce.account.Level_17_ReportNG] - User 01  - Step 06: Enter to FirstName textboxAnh
[12-09-2023 20:54:19.469 INFO com.nopcommerce.account.Level_17_ReportNG] - User 01  - Step 07: Enter to LastName textboxTuan
[12-09-2023 20:54:19.572 INFO com.nopcommerce.account.Level_17_ReportNG] - User 01  - Step 08: Enter to Email textboxjoin28620@gmail.com
[12-09-2023 20:54:19.707 INFO com.nopcommerce.account.Level_17_ReportNG] - User 01  - Step 09: Enter to Password textbox123456
[12-09-2023 20:54:19.889 INFO com.nopcommerce.account.Level_17_ReportNG] - User 01  - Step 10: Enter to Confirm Password textbox123456
[12-09-2023 20:54:20.003 INFO com.nopcommerce.account.Level_17_ReportNG] - User 01  - Step 11:Click to register button
[12-09-2023 20:54:21.466 INFO com.nopcommerce.account.Level_17_ReportNG] - User 01  - Step 12: Verify messsage registration completed
[12-09-2023 20:54:21.542 INFO com.nopcommerce.account.Level_17_ReportNG] - ----------FALSE----------
[12-09-2023 20:54:27.283 INFO com.nopcommerce.account.Level_17_ReportNG] - User 01  - Step 01: Verify Register Link is Displayed
[12-09-2023 20:54:27.422 INFO com.nopcommerce.account.Level_17_ReportNG] - ----------FALSE----------
[12-09-2023 20:54:27.423 INFO com.nopcommerce.account.Level_17_ReportNG] - User 01  - Step 02: Click to register link
[12-09-2023 20:54:29.041 INFO com.nopcommerce.account.Level_17_ReportNG] - User 01  - Step 03: lick to register button
[12-09-2023 20:54:29.223 INFO com.nopcommerce.account.Level_17_ReportNG] - User 01  - Step 04: Verify error message at firstname textbox
[12-09-2023 20:54:29.310 INFO com.nopcommerce.account.Level_17_ReportNG] - ----------PASS----------
[12-09-2023 20:54:29.311 INFO com.nopcommerce.account.Level_17_ReportNG] - User 01  - Step 05: Verify error message at LastName textbox
[12-09-2023 20:54:29.392 INFO com.nopcommerce.account.Level_17_ReportNG] - ----------PASS----------
[12-09-2023 20:54:30.044 INFO com.nopcommerce.account.Level_17_ReportNG] - User 01  - Step 06: Enter to FirstName textboxAnh
[12-09-2023 20:54:31.155 INFO com.nopcommerce.account.Level_17_ReportNG] - User 01  - Step 07: Enter to LastName textboxTuan
[12-09-2023 20:54:31.322 INFO com.nopcommerce.account.Level_17_ReportNG] - User 01  - Step 08: Enter to Email textboxjoin50317@gmail.com
[12-09-2023 20:54:31.492 INFO com.nopcommerce.account.Level_17_ReportNG] - User 01  - Step 09: Enter to Password textbox123456
[12-09-2023 20:54:31.659 INFO com.nopcommerce.account.Level_17_ReportNG] - User 01  - Step 10: Enter to Confirm Password textbox123456
[12-09-2023 20:54:31.827 INFO com.nopcommerce.account.Level_17_ReportNG] - User 01  - Step 11:Click to register button
[12-09-2023 20:54:32.680 INFO com.nopcommerce.account.Level_17_ReportNG] - User 01  - Step 12: Verify messsage registration completed
[12-09-2023 20:54:32.770 INFO com.nopcommerce.account.Level_17_ReportNG] - ----------FALSE----------
